  Building Custom Rule D:/Workspace/Slumber/hub/ui/MACE/glfw-3.0.4/src/CMakeLists.txt
  CMake does not need to re-run because D:\Workspace\Slumber\hub\ui\build\MACE\glfw-3.0.4\src\CMakeFiles\generate.stamp is up-to-date.
  clipboard.c
  context.c
  gamma.c
  init.c
  input.c
  joystick.c
  monitor.c
  time.c
  window.c
  win32_clipboard.c
  win32_gamma.c
  win32_init.c
  win32_joystick.c
  win32_monitor.c
  win32_time.c
  win32_window.c
  wgl_context.c
  Generating Code...
  glfw.vcxproj -> D:\Workspace\Slumber\hub\ui\build\MACE\glfw-3.0.4\src\Debug\glfw3.lib
