Determining if the pthread_create exist failed with the following output:
Change Dir: /home/liavt/Desktop/Slumber/hub/ui/build/CMakeFiles/CMakeTmp

Run Build Command:/usr/bin/make "cmTryCompileExec3478424185/fast"
/usr/bin/make -f CMakeFiles/cmTryCompileExec3478424185.dir/build.make CMakeFiles/cmTryCompileExec3478424185.dir/build
make[1]: Entering directory `/home/liavt/Desktop/Slumber/hub/ui/build/CMakeFiles/CMakeTmp'
/usr/bin/cmake -E cmake_progress_report /home/liavt/Desktop/Slumber/hub/ui/build/CMakeFiles/CMakeTmp/CMakeFiles 1
Building C object CMakeFiles/cmTryCompileExec3478424185.dir/CheckSymbolExists.c.o
/usr/bin/cc    -o CMakeFiles/cmTryCompileExec3478424185.dir/CheckSymbolExists.c.o   -c /home/liavt/Desktop/Slumber/hub/ui/build/CMakeFiles/CMakeTmp/CheckSymbolExists.c
Linking C executable cmTryCompileExec3478424185
/usr/bin/cmake -E cmake_link_script CMakeFiles/cmTryCompileExec3478424185.dir/link.txt --verbose=1
/usr/bin/cc       CMakeFiles/cmTryCompileExec3478424185.dir/CheckSymbolExists.c.o  -o cmTryCompileExec3478424185 -rdynamic 
CMakeFiles/cmTryCompileExec3478424185.dir/CheckSymbolExists.c.o: In function `main':
CheckSymbolExists.c:(.text+0x16): undefined reference to `pthread_create'
collect2: error: ld returned 1 exit status
make[1]: Leaving directory `/home/liavt/Desktop/Slumber/hub/ui/build/CMakeFiles/CMakeTmp'
make[1]: *** [cmTryCompileExec3478424185] Error 1
make: *** [cmTryCompileExec3478424185/fast] Error 2

File /home/liavt/Desktop/Slumber/hub/ui/build/CMakeFiles/CMakeTmp/CheckSymbolExists.c:
/* */
#include <pthread.h>

int main(int argc, char** argv)
{
  (void)argv;
#ifndef pthread_create
  return ((int*)(&pthread_create))[argc];
#else
  (void)argc;
  return 0;
#endif
}

Determining if the function pthread_create exists in the pthreads failed with the following output:
Change Dir: /home/liavt/Desktop/Slumber/hub/ui/build/CMakeFiles/CMakeTmp

Run Build Command:/usr/bin/make "cmTryCompileExec1841512004/fast"
/usr/bin/make -f CMakeFiles/cmTryCompileExec1841512004.dir/build.make CMakeFiles/cmTryCompileExec1841512004.dir/build
make[1]: Entering directory `/home/liavt/Desktop/Slumber/hub/ui/build/CMakeFiles/CMakeTmp'
/usr/bin/cmake -E cmake_progress_report /home/liavt/Desktop/Slumber/hub/ui/build/CMakeFiles/CMakeTmp/CMakeFiles 1
Building C object CMakeFiles/cmTryCompileExec1841512004.dir/CheckFunctionExists.c.o
/usr/bin/cc   -DCHECK_FUNCTION_EXISTS=pthread_create   -o CMakeFiles/cmTryCompileExec1841512004.dir/CheckFunctionExists.c.o   -c /usr/share/cmake-2.8/Modules/CheckFunctionExists.c
Linking C executable cmTryCompileExec1841512004
/usr/bin/cmake -E cmake_link_script CMakeFiles/cmTryCompileExec1841512004.dir/link.txt --verbose=1
/usr/bin/cc   -DCHECK_FUNCTION_EXISTS=pthread_create    CMakeFiles/cmTryCompileExec1841512004.dir/CheckFunctionExists.c.o  -o cmTryCompileExec1841512004 -rdynamic -lpthreads 
/usr/bin/ld: cannot find -lpthreads
collect2: error: ld returned 1 exit status
make[1]: *** [cmTryCompileExec1841512004] Error 1
make[1]: Leaving directory `/home/liavt/Desktop/Slumber/hub/ui/build/CMakeFiles/CMakeTmp'
make: *** [cmTryCompileExec1841512004/fast] Error 2


